Change Component Designator: OldDesignator=C? NewDesignator=C1
Change Component Designator: OldDesignator=C? NewDesignator=C2
Change Component Designator: OldDesignator=C? NewDesignator=C3
Change Component Designator: OldDesignator=C? NewDesignator=C4
Change Component Designator: OldDesignator=J? NewDesignator=J1
Change Component Designator: OldDesignator=LED? NewDesignator=LED1
Change Component Designator: OldDesignator=LED? NewDesignator=LED2
Change Component Designator: OldDesignator=P? NewDesignator=P1
Change Component Designator: OldDesignator=P? NewDesignator=P2
Change Component Designator: OldDesignator=Q? NewDesignator=Q1
Change Component Designator: OldDesignator=Q? NewDesignator=Q2
Change Component Designator: OldDesignator=R? NewDesignator=R1
Change Component Designator: OldDesignator=R? NewDesignator=R2
Change Component Designator: OldDesignator=R? NewDesignator=R3
Change Component Designator: OldDesignator=R? NewDesignator=R4
Change Component Designator: OldDesignator=R? NewDesignator=R5
Change Component Designator: OldDesignator=R? NewDesignator=R6
Change Component Designator: OldDesignator=R? NewDesignator=R7
Change Component Designator: OldDesignator=R? NewDesignator=R8
Change Component Designator: OldDesignator=R? NewDesignator=R9
Change Component Designator: OldDesignator=R? NewDesignator=R10
Change Component Designator: OldDesignator=R? NewDesignator=R11
Change Component Designator: OldDesignator=U? NewDesignator=U1
Change Component Designator: OldDesignator=U? NewDesignator=U2
Change Component Designator: OldDesignator=U? NewDesignator=U3
Change Net Name : Old Net Name=NetLED?_A New Net Name=NetLED1_A
Change Net Name : Old Net Name=NetQ?_2 New Net Name=NetQ2_2
Added Pin To Net: NetName=NetLED2_A Pin=LED2-A
Added Pin To Net: NetName=NetLED2_A Pin=R11-2
Added Net: Name=NetLED2_A
Added Pin To Net: NetName=NetQ1_2 Pin=Q1-2
Added Pin To Net: NetName=NetQ1_2 Pin=R8-2
Added Net: Name=NetQ1_2
Added Member To Class: ClassName=SCH.ESP8266 Member=Component C2 100nF, 25V
Added Member To Class: ClassName=SCH.ESP8266 Member=Component C3 10uF
Added Member To Class: ClassName=SCH.ESP8266 Member=Component C4 10uF
Added Member To Class: ClassName=SCH.ESP8266 Member=Component LED1 Green
Added Member To Class: ClassName=SCH.ESP8266 Member=Component P1 61301211121
Added Member To Class: ClassName=SCH.ESP8266 Member=Component Q2 2N222
Added Member To Class: ClassName=SCH.ESP8266 Member=Component R1 Thick Film
Added Member To Class: ClassName=SCH.ESP8266 Member=Component R2 Thick Film
Added Member To Class: ClassName=SCH.ESP8266 Member=Component R3 Thick Film
Added Member To Class: ClassName=SCH.ESP8266 Member=Component R4 Thick Film
Added Member To Class: ClassName=SCH.ESP8266 Member=Component R5 Thick Film
Added Member To Class: ClassName=SCH.ESP8266 Member=Component R6 Thick Film
Added Member To Class: ClassName=SCH.ESP8266 Member=Component R7 Thick Film
Added Member To Class: ClassName=SCH.ESP8266 Member=Component R8 Thick Film
Added Member To Class: ClassName=SCH.ESP8266 Member=Component R9 Thick Film
Added Member To Class: ClassName=SCH.ESP8266 Member=Component R10 Thick Film
Added Member To Class: ClassName=SCH.ESP8266 Member=Component U1 ESP 12
Added Member To Class: ClassName=SCH.ESP8266 Member=Component U2 CH340C
Added Room: Name=SCH.ESP8266
