Change Component Footprint: Designator=U2 Old Footprint=SOIC16_50_284_25X90_SMT New Footprint=SO16
Change Component Comment : Designator=U2 Old Comment=CH340C New Comment=CH340G
Change Component Designator: OldDesignator=BOOT NewDesignator=BOOT1
Change Component Designator: OldDesignator=RESET NewDesignator=RESET1
Change component parameters: Designator = "U2" ("U2"); Footprint = "SOIC16_50_284_25X90_SMT"; UniqueID = "\IFNXASRG" ("\IFNXASRG")
Change component parameters (AddParameter): Name = "ComponentLink1Description"; Value = "Manufacturer Link"; VariantName = "[No Variations]"
Change component parameters (AddParameter): Name = "ComponentLink1URL"; Value = "http://www.irf.com/"; VariantName = "[No Variations]"
Change component parameters (AddParameter): Name = "ComponentLink2Description"; Value = "Datasheet"; VariantName = "[No Variations]"
Change component parameters (AddParameter): Name = "ComponentLink2URL"; Value = "http://www.irf.com/product-info/datasheets/data/ir2110.pdf"; VariantName = "[No Variations]"
Change component parameters (AddParameter): Name = "DatasheetVersion"; Value = "PD60147J"; VariantName = "[No Variations]"
Change component parameters (AddParameter): Name = "LatestRevisionDate"; Value = "04-Mar-2005"; VariantName = "[No Variations]"
Change component parameters (AddParameter): Name = "LatestRevisionNote"; Value = "Stylized 3D Model Added."; VariantName = "[No Variations]"
Change component parameters (AddParameter): Name = "Note"; Value = "Pins 4, 8 and 14 are not connected"; VariantName = "[No Variations]"
Change component parameters (AddParameter): Name = "PackageDescription"; Value = "DIP; 14 Leads; Row Spacing 7.62 mm; Pitch 2.54 mm"; VariantName = "[No Variations]"
Change component parameters (AddParameter): Name = "PackageReference"; Value = "PDIP14"; VariantName = "[No Variations]"
Change component parameters (AddParameter): Name = "Published"; Value = "8-Jun-2000"; VariantName = "[No Variations]"
Change component parameters (AddParameter): Name = "Publisher"; Value = "Altium Limited"; VariantName = "[No Variations]"
Change Net Name : Old Net Name=NetBOOT_1 New Net Name=NetBOOT1_1
Added Member To Class: ClassName=SCH.ESP8266 Member=Component LED2 Green
Added Member To Class: ClassName=SCH.ESP8266 Member=Component P2 61301211121
Added Member To Class: ClassName=SCH.ESP8266 Member=Component R11 Thick Film
Added Member To Class: ClassName=SCH.ESP8266 Member=Component U3 LM1117-3.3V
