Removed Pin From Net: NetName=RST Pin=-1
Removed Pin From Net: NetName=ADC Pin=-2
Removed Pin From Net: NetName=EN Pin=-3
Removed Pin From Net: NetName=D5 Pin=-4
Removed Pin From Net: NetName=D6 Pin=-5
Removed Pin From Net: NetName=D7 Pin=-6
Removed Pin From Net: NetName=GND Pin=-7
Removed Pin From Net: NetName=+3.3 Pin=-8
Removed Pin From Net: NetName=GND Pin=-9
Removed Pin From Net: NetName=VIN Pin=-10
Removed Pin From Net: NetName=GND Pin=-11
Removed Pin From Net: NetName=VIN Pin=-12
Removed Pin From Net: NetName=D3 Pin=BOOT-1
Removed Pin From Net: NetName=GND Pin=C2-1
Removed Pin From Net: NetName=+3.3 Pin=C2-2
Removed Pin From Net: NetName=VIN Pin=C3-1
Removed Pin From Net: NetName=GND Pin=C3-2
Removed Pin From Net: NetName=+3.3 Pin=C4-1
Removed Pin From Net: NetName=GND Pin=C4-2
Removed Pin From Net: NetName=RST Pin=Q1-3
Removed Pin From Net: NetName=D3 Pin=Q2-3
Removed Pin From Net: NetName=D3 Pin=R5-2
Removed Pin From Net: NetName=GND Pin=R7-1
Removed Pin From Net: NetName=D8 Pin=R7-2
Removed Pin From Net: NetName=+3.3 Pin=R10-1
Removed Pin From Net: NetName=VIN Pin=R11-1
Removed Pin From Net: NetName=RST Pin=U1-1
Removed Pin From Net: NetName=ADC Pin=U1-2
Removed Pin From Net: NetName=EN Pin=U1-3
Removed Pin From Net: NetName=D0 Pin=U1-4
Removed Pin From Net: NetName=D5 Pin=U1-5
Removed Pin From Net: NetName=D6 Pin=U1-6
Removed Pin From Net: NetName=D7 Pin=U1-7
Removed Pin From Net: NetName=+3.3 Pin=U1-8
Removed Pin From Net: NetName=GND Pin=U1-9
Removed Pin From Net: NetName=D8 Pin=U1-10
Removed Pin From Net: NetName=D4 Pin=U1-11
Removed Pin From Net: NetName=D3 Pin=U1-12
Removed Pin From Net: NetName=D2 Pin=U1-13
Removed Pin From Net: NetName=D1 Pin=U1-14
Removed Pin From Net: NetName=RX Pin=U1-15
Removed Pin From Net: NetName=TX Pin=U1-16
Removed Pin From Net: NetName=GND Pin=U2-1
Removed Pin From Net: NetName=RX Pin=U2-2
Removed Pin From Net: NetName=TX Pin=U2-3
Removed Pin From Net: NetName=+3.3 Pin=U2-4
Removed Pin From Net: NetName=D+ Pin=U2-5
Removed Pin From Net: NetName=D- Pin=U2-6
Removed Pin From Net: NetName=+3.3 Pin=U2-16
Removed Member From Class: ClassName=SCH.ESP8266 Member=C2
Removed Member From Class: ClassName=SCH.ESP8266 Member=C3
Removed Member From Class: ClassName=SCH.ESP8266 Member=C4
Removed Member From Class: ClassName=SCH.ESP8266 Member=Q1
Removed Member From Class: ClassName=SCH.ESP8266 Member=Q2
Removed Member From Class: ClassName=SCH.ESP8266 Member=R7
Removed Member From Class: ClassName=SCH.ESP8266 Member=R8
Removed Member From Class: ClassName=SCH.ESP8266 Member=R9
Removed Member From Class: ClassName=SCH.ESP8266 Member=R10
Removed Member From Class: ClassName=SCH.ESP8266 Member=R11
Removed Member From Class: ClassName=SCH.ESP8266 Member=U1
Removed Member From Class: ClassName=SCH.ESP8266 Member=U2
Change Component Designator: OldDesignator= NewDesignator=LED?
Change Component Designator: OldDesignator= NewDesignator=LED?
Change Component Designator: OldDesignator=C1 NewDesignator=C?
Change Component Designator: OldDesignator=J1 NewDesignator=J?
Change Component Designator: OldDesignator=R1 NewDesignator=R?
Change Component Designator: OldDesignator=R2 NewDesignator=R?
Change Component Designator: OldDesignator=R3 NewDesignator=R?
Change Component Designator: OldDesignator=R4 NewDesignator=R?
Change Component Designator: OldDesignator=R5 NewDesignator=R?
Change Component Designator: OldDesignator=R6 NewDesignator=R?
Change Component Designator: OldDesignator=U3 NewDesignator=U?
Added Component: Designator=C?(WCAP-CSGP_0603_L1.6W0.8H0.8_Reflow)
Add component (AddParameter): Name = "Capacitance"; Value = "100nF"; VariantName = "[No Variations]"
Add component (AddParameter): Name = "Capacitance Tolerance"; Value = "+/-10%"; VariantName = "[No Variations]"
Add component (AddParameter): Name = "Ceramic Type"; Value = "X7R"; VariantName = "[No Variations]"
Add component (AddParameter): Name = "ComponentLink1Description"; Value = "Manufacturer Link"; VariantName = "[No Variations]"
Add component (AddParameter): Name = "ComponentLink1URL"; Value = "http://www.we-online.de"; VariantName = "[No Variations]"
Add component (AddParameter): Name = "ComponentLink2Description"; Value = "Datasheet"; VariantName = "[No Variations]"
Add component (AddParameter): Name = "ComponentLink2URL"; Value = "https://www.we-online.com/catalog/datasheet/885012206071.pdf"; VariantName = "[No Variations]"
Add component (AddParameter): Name = "Dissipation Factor"; Value = "3.5%"; VariantName = "[No Variations]"
Add component (AddParameter): Name = "Height"; Value = "0.8mm"; VariantName = "[No Variations]"
Add component (AddParameter): Name = "Isolation Resistance"; Value = "5GOhm"; VariantName = "[No Variations]"
Add component (AddParameter): Name = "Length"; Value = "1.6mm"; VariantName = "[No Variations]"
Add component (AddParameter): Name = "Manufacturer"; Value = "Wurth Elektronik"; VariantName = "[No Variations]"
Add component (AddParameter): Name = "Manufacturer Part Number"; Value = "885012206071"; VariantName = "[No Variations]"
Add component (AddParameter): Name = "Mounting Technology"; Value = "SMT"; VariantName = "[No Variations]"
Add component (AddParameter): Name = "Operating Temperature max."; Value = "125C"; VariantName = "[No Variations]"
Add component (AddParameter): Name = "Operating Temperature min."; Value = "-55C"; VariantName = "[No Variations]"
Add component (AddParameter): Name = "Packaging"; Value = "Tape and Reel"; VariantName = "[No Variations]"
Add component (AddParameter): Name = "Q-Factor"; Value = ""; VariantName = "[No Variations]"
Add component (AddParameter): Name = "Rated Voltage"; Value = "25V"; VariantName = "[No Variations]"
Add component (AddParameter): Name = "Size"; Value = "0603"; VariantName = "[No Variations]"
Add component (AddParameter): Name = "Technical Reference"; Value = "X7R0603104K025DFCT10000"; VariantName = "[No Variations]"
Add component (AddParameter): Name = "Width"; Value = "0.8mm"; VariantName = "[No Variations]"
Added Component: Designator=C?(tu tantalum smd3216)
Add component (AddParameter): Name = "Chung_Loai"; Value = "Dán"; VariantName = "[No Variations]"
Add component (AddParameter): Name = "Don_Vi"; Value = "Con"; VariantName = "[No Variations]"
Add component (AddParameter): Name = "Kieu_Chan"; Value = ""; VariantName = "[No Variations]"
Add component (AddParameter): Name = "Ma_Hang"; Value = "MH001954"; VariantName = "[No Variations]"
Add component (AddParameter): Name = "So_Chan"; Value = "2"; VariantName = "[No Variations]"
Add component (AddParameter): Name = "Ten_Linh_Kien"; Value = "T? tantalum 106C-10uF 16V SMD3216"; VariantName = "[No Variations]"
Added Component: Designator=C?(tu tantalum smd3216)
Add component (AddParameter): Name = "Chung_Loai"; Value = "Dán"; VariantName = "[No Variations]"
Add component (AddParameter): Name = "Don_Vi"; Value = "Con"; VariantName = "[No Variations]"
Add component (AddParameter): Name = "Kieu_Chan"; Value = ""; VariantName = "[No Variations]"
Add component (AddParameter): Name = "Ma_Hang"; Value = "MH001954"; VariantName = "[No Variations]"
Add component (AddParameter): Name = "So_Chan"; Value = "2"; VariantName = "[No Variations]"
Add component (AddParameter): Name = "Ten_Linh_Kien"; Value = "T? tantalum 106C-10uF 16V SMD3216"; VariantName = "[No Variations]"
Added Component: Designator=P?(61301211121)
Add component (AddParameter): Name = "ComponentLink1Description"; Value = "Manufacturer"; VariantName = "[No Variations]"
Add component (AddParameter): Name = "ComponentLink1URL"; Value = "http://www.we-online.de"; VariantName = "[No Variations]"
Add component (AddParameter): Name = "ComponentLink2Description"; Value = "Datasheet"; VariantName = "[No Variations]"
Add component (AddParameter): Name = "ComponentLink2URL"; Value = "https://www.we-online.com/catalog/datasheet/61301211121.pdf"; VariantName = "[No Variations]"
Add component (AddParameter): Name = "Contact Resistance"; Value = "20mOhm"; VariantName = "[No Variations]"
Add component (AddParameter): Name = "Gender"; Value = "Pin Header"; VariantName = "[No Variations]"
Add component (AddParameter): Name = "Manufacturer"; Value = "Wurth Elektronik"; VariantName = "[No Variations]"
Add component (AddParameter): Name = "Manufacturer Part Number"; Value = "61301211121"; VariantName = "[No Variations]"
Add component (AddParameter): Name = "Mounting Technology"; Value = "THT"; VariantName = "[No Variations]"
Add component (AddParameter): Name = "Operating Temperature"; Value = "-40 to +105degC"; VariantName = "[No Variations]"
Add component (AddParameter): Name = "Orientation"; Value = "Vertical"; VariantName = "[No Variations]"
Add component (AddParameter): Name = "Packaging"; Value = "Bag"; VariantName = "[No Variations]"
Add component (AddParameter): Name = "Pin Number"; Value = "12"; VariantName = "[No Variations]"
Add component (AddParameter): Name = "Pitch"; Value = "2.54mm"; VariantName = "[No Variations]"
Add component (AddParameter): Name = "Rated Current"; Value = "3A"; VariantName = "[No Variations]"
Add component (AddParameter): Name = "Row Number"; Value = "Single"; VariantName = "[No Variations]"
Add component (AddParameter): Name = "Withstanding Voltage"; Value = "500VAC"; VariantName = "[No Variations]"
Add component (AddParameter): Name = "Working Voltage"; Value = "250VAC"; VariantName = "[No Variations]"
Added Component: Designator=P?(61301211121)
Add component (AddParameter): Name = "ComponentLink1Description"; Value = "Manufacturer"; VariantName = "[No Variations]"
Add component (AddParameter): Name = "ComponentLink1URL"; Value = "http://www.we-online.de"; VariantName = "[No Variations]"
Add component (AddParameter): Name = "ComponentLink2Description"; Value = "Datasheet"; VariantName = "[No Variations]"
Add component (AddParameter): Name = "ComponentLink2URL"; Value = "https://www.we-online.com/catalog/datasheet/61301211121.pdf"; VariantName = "[No Variations]"
Add component (AddParameter): Name = "Contact Resistance"; Value = "20mOhm"; VariantName = "[No Variations]"
Add component (AddParameter): Name = "Gender"; Value = "Pin Header"; VariantName = "[No Variations]"
Add component (AddParameter): Name = "Manufacturer"; Value = "Wurth Elektronik"; VariantName = "[No Variations]"
Add component (AddParameter): Name = "Manufacturer Part Number"; Value = "61301211121"; VariantName = "[No Variations]"
Add component (AddParameter): Name = "Mounting Technology"; Value = "THT"; VariantName = "[No Variations]"
Add component (AddParameter): Name = "Operating Temperature"; Value = "-40 to +105degC"; VariantName = "[No Variations]"
Add component (AddParameter): Name = "Orientation"; Value = "Vertical"; VariantName = "[No Variations]"
Add component (AddParameter): Name = "Packaging"; Value = "Bag"; VariantName = "[No Variations]"
Add component (AddParameter): Name = "Pin Number"; Value = "12"; VariantName = "[No Variations]"
Add component (AddParameter): Name = "Pitch"; Value = "2.54mm"; VariantName = "[No Variations]"
Add component (AddParameter): Name = "Rated Current"; Value = "3A"; VariantName = "[No Variations]"
Add component (AddParameter): Name = "Row Number"; Value = "Single"; VariantName = "[No Variations]"
Add component (AddParameter): Name = "Withstanding Voltage"; Value = "500VAC"; VariantName = "[No Variations]"
Add component (AddParameter): Name = "Working Voltage"; Value = "250VAC"; VariantName = "[No Variations]"
Added Component: Designator=Q?(SOT23-231)
Add component (AddParameter): Name = "Value"; Value = "C1815"; VariantName = "[No Variations]"
Added Component: Designator=Q?(SOT23-231)
Add component (AddParameter): Name = "Value"; Value = "C1815"; VariantName = "[No Variations]"
Added Component: Designator=R?(RESC1608X55N)
Add component (AddParameter): Name = "Manufacturer 1"; Value = "Yageo"; VariantName = "[No Variations]"
Add component (AddParameter): Name = "Manufacturer Part Number 1"; Value = "RC0603JR-071K5L"; VariantName = "[No Variations]"
Add component (AddParameter): Name = "Material"; Value = "thick film"; VariantName = "[No Variations]"
Add component (AddParameter): Name = "Package / Case"; Value = "0603 (1608 metric)"; VariantName = "[No Variations]"
Add component (AddParameter): Name = "Ratings"; Value = "1/10 W"; VariantName = "[No Variations]"
Add component (AddParameter): Name = "SCDType"; Value = "spec"; VariantName = "[No Variations]"
Add component (AddParameter): Name = "Supplier 1"; Value = "Digi-Key"; VariantName = "[No Variations]"
Add component (AddParameter): Name = "Supplier Part Number 1"; Value = "311-1.5KGRCT-ND"; VariantName = "[No Variations]"
Add component (AddParameter): Name = "Tolerance"; Value = "±5%"; VariantName = "[No Variations]"
Add component (AddParameter): Name = "Value"; Value = "1K5"; VariantName = "[No Variations]"
Added Component: Designator=R?(RESC1608X55N)
Add component (AddParameter): Name = "Manufacturer 1"; Value = "Yageo"; VariantName = "[No Variations]"
Add component (AddParameter): Name = "Manufacturer Part Number 1"; Value = "RC0603FR-0710KL"; VariantName = "[No Variations]"
Add component (AddParameter): Name = "Package / Case"; Value = "0603 (1608 Metric)"; VariantName = "[No Variations]"
Add component (AddParameter): Name = "Ratings"; Value = "1/10W"; VariantName = "[No Variations]"
Add component (AddParameter): Name = "SCDType"; Value = "spec"; VariantName = "[No Variations]"
Add component (AddParameter): Name = "Supplier 1"; Value = "Digi-Key"; VariantName = "[No Variations]"
Add component (AddParameter): Name = "Supplier Part Number 1"; Value = "311-10.0KHRCT-ND"; VariantName = "[No Variations]"
Add component (AddParameter): Name = "Tolerance"; Value = "±1%"; VariantName = "[No Variations]"
Add component (AddParameter): Name = "Value"; Value = "10K"; VariantName = "[No Variations]"
Added Component: Designator=R?(RESC1608X55N)
Add component (AddParameter): Name = "Manufacturer 1"; Value = "Yageo"; VariantName = "[No Variations]"
Add component (AddParameter): Name = "Manufacturer Part Number 1"; Value = "RC0603FR-0710KL"; VariantName = "[No Variations]"
Add component (AddParameter): Name = "Package / Case"; Value = "0603 (1608 Metric)"; VariantName = "[No Variations]"
Add component (AddParameter): Name = "Ratings"; Value = "1/10W"; VariantName = "[No Variations]"
Add component (AddParameter): Name = "SCDType"; Value = "spec"; VariantName = "[No Variations]"
Add component (AddParameter): Name = "Supplier 1"; Value = "Digi-Key"; VariantName = "[No Variations]"
Add component (AddParameter): Name = "Supplier Part Number 1"; Value = "311-10.0KHRCT-ND"; VariantName = "[No Variations]"
Add component (AddParameter): Name = "Tolerance"; Value = "±1%"; VariantName = "[No Variations]"
Add component (AddParameter): Name = "Value"; Value = "10K"; VariantName = "[No Variations]"
Added Component: Designator=R?(RESC1608X55N)
Add component (AddParameter): Name = "Manufacturer 1"; Value = "Yageo"; VariantName = "[No Variations]"
Add component (AddParameter): Name = "Manufacturer Part Number 1"; Value = "RC0603JR-071K5L"; VariantName = "[No Variations]"
Add component (AddParameter): Name = "Material"; Value = "thick film"; VariantName = "[No Variations]"
Add component (AddParameter): Name = "Package / Case"; Value = "0603 (1608 metric)"; VariantName = "[No Variations]"
Add component (AddParameter): Name = "Ratings"; Value = "1/10 W"; VariantName = "[No Variations]"
Add component (AddParameter): Name = "SCDType"; Value = "spec"; VariantName = "[No Variations]"
Add component (AddParameter): Name = "Supplier 1"; Value = "Digi-Key"; VariantName = "[No Variations]"
Add component (AddParameter): Name = "Supplier Part Number 1"; Value = "311-1.5KGRCT-ND"; VariantName = "[No Variations]"
Add component (AddParameter): Name = "Tolerance"; Value = "±5%"; VariantName = "[No Variations]"
Add component (AddParameter): Name = "Value"; Value = "1K5"; VariantName = "[No Variations]"
Added Component: Designator=R?(RESC1608X55N)
Add component (AddParameter): Name = "Manufacturer 1"; Value = "Yageo"; VariantName = "[No Variations]"
Add component (AddParameter): Name = "Manufacturer Part Number 1"; Value = "RC0603FR-0710KL"; VariantName = "[No Variations]"
Add component (AddParameter): Name = "Package / Case"; Value = "0603 (1608 Metric)"; VariantName = "[No Variations]"
Add component (AddParameter): Name = "Ratings"; Value = "1/10W"; VariantName = "[No Variations]"
Add component (AddParameter): Name = "SCDType"; Value = "spec"; VariantName = "[No Variations]"
Add component (AddParameter): Name = "Supplier 1"; Value = "Digi-Key"; VariantName = "[No Variations]"
Add component (AddParameter): Name = "Supplier Part Number 1"; Value = "311-10.0KHRCT-ND"; VariantName = "[No Variations]"
Add component (AddParameter): Name = "Tolerance"; Value = "±1%"; VariantName = "[No Variations]"
Add component (AddParameter): Name = "Value"; Value = "10K"; VariantName = "[No Variations]"
Added Component: Designator=U?(SOIC16_50_284_25X90_SMT)
Add component (AddParameter): Name = "Alternate Part Number-1"; Value = "NA"; VariantName = "[No Variations]"
Add component (AddParameter): Name = "Case/Package"; Value = "SOIC16"; VariantName = "[No Variations]"
Add component (AddParameter): Name = "Manufacturer"; Value = "Olimex"; VariantName = "[No Variations]"
Add component (AddParameter): Name = "Manufacturer Part Number"; Value = "CH340C"; VariantName = "[No Variations]"
Add component (AddParameter): Name = "Supplier Part Number-1"; Value = "C84681"; VariantName = "[No Variations]"
Add component (AddParameter): Name = "Supplier-1"; Value = "LCSC"; VariantName = "[No Variations]"
Added Component: Designator=U?(ESP12E)
Add component (AddParameter): Name = "IC"; Value = "ESP8266-EX"; VariantName = "[No Variations]"
Add component (AddParameter): Name = "Vendor"; Value = "Ai-thinker"; VariantName = "[No Variations]"
Added Pin To Net: NetName=+3.3 Pin=C?-1
Added Pin To Net: NetName=GND Pin=C?-1
Added Pin To Net: NetName=VIN Pin=C?-1
Added Pin To Net: NetName=+3.3 Pin=C?-2
Added Pin To Net: NetName=GND Pin=C?-2
Added Pin To Net: NetName=GND Pin=C?-2
Added Pin To Net: NetName=RST Pin=P?-1
Added Pin To Net: NetName=TX Pin=P?-1
Added Pin To Net: NetName=ADC Pin=P?-2
Added Pin To Net: NetName=RX Pin=P?-2
Added Pin To Net: NetName=D1 Pin=P?-3
Added Pin To Net: NetName=EN Pin=P?-3
Added Pin To Net: NetName=D2 Pin=P?-4
Added Pin To Net: NetName=D5 Pin=P?-4
Added Pin To Net: NetName=D3 Pin=P?-5
Added Pin To Net: NetName=D6 Pin=P?-5
Added Pin To Net: NetName=D4 Pin=P?-6
Added Pin To Net: NetName=D7 Pin=P?-6
Added Pin To Net: NetName=GND Pin=P?-7
Added Pin To Net: NetName=GND Pin=P?-7
Added Pin To Net: NetName=D8 Pin=P?-9
Added Pin To Net: NetName=GND Pin=P?-9
Added Pin To Net: NetName=D0 Pin=P?-10
Added Pin To Net: NetName=GND Pin=P?-11
Added Pin To Net: NetName=GND Pin=P?-11
Added Pin To Net: NetName=D3 Pin=Q?-3
Added Pin To Net: NetName=RST Pin=Q?-3
Added Pin To Net: NetName=+3.3 Pin=R?-1
Added Pin To Net: NetName=+3.3 Pin=R?-1
Added Pin To Net: NetName=VIN Pin=R?-1
Added Pin To Net: NetName=D8 Pin=R?-2
Added Pin To Net: NetName=GND Pin=U?-1
Added Pin To Net: NetName=RST Pin=U?-1
Added Pin To Net: NetName=ADC Pin=U?-2
Added Pin To Net: NetName=RX Pin=U?-2
Added Pin To Net: NetName=EN Pin=U?-3
Added Pin To Net: NetName=TX Pin=U?-3
Added Pin To Net: NetName=+3.3 Pin=U?-4
Added Pin To Net: NetName=D0 Pin=U?-4
Added Pin To Net: NetName=D5 Pin=U?-5
Added Pin To Net: NetName=D+ Pin=U?-5
Added Pin To Net: NetName=D6 Pin=U?-6
Added Pin To Net: NetName=D- Pin=U?-6
Added Pin To Net: NetName=D7 Pin=U?-7
Added Pin To Net: NetName=+3.3 Pin=U?-8
Added Pin To Net: NetName=GND Pin=U?-9
Added Pin To Net: NetName=D8 Pin=U?-10
Added Pin To Net: NetName=D4 Pin=U?-11
Added Pin To Net: NetName=D3 Pin=U?-12
Added Pin To Net: NetName=D2 Pin=U?-13
Added Pin To Net: NetName=D1 Pin=U?-14
Added Pin To Net: NetName=RX Pin=U?-15
Added Pin To Net: NetName=+3.3 Pin=U?-16
Added Pin To Net: NetName=TX Pin=U?-16
Change Net Name : Old Net Name=VIN New Net Name=+5V
Added Pin To Net: NetName=3.3 Pin=P?-8
Added Pin To Net: NetName=3.3 Pin=P?-8
Added Pin To Net: NetName=3.3 Pin=P?-12
Added Net: Name=3.3
Added Pin To Net: NetName=5V Pin=P?-10
Added Net: Name=5V
Added Pin To Net: NetName=DTR Pin=Q?-1
Added Pin To Net: NetName=DTR Pin=R?-1
Added Pin To Net: NetName=DTR Pin=U?-13
Added Net: Name=DTR
Added Pin To Net: NetName=NetBOOT_1 Pin=BOOT-1
Added Pin To Net: NetName=NetBOOT_1 Pin=R?-2
Added Net: Name=NetBOOT_1
Added Pin To Net: NetName=NetLED?_A Pin=LED?-A
Added Pin To Net: NetName=NetLED?_A Pin=R?-2
Added Net: Name=NetLED?_A
Added Pin To Net: NetName=NetQ?_2 Pin=Q?-2
Added Pin To Net: NetName=NetQ?_2 Pin=R?-2
Added Net: Name=NetQ?_2
Added Pin To Net: NetName=RTS Pin=Q?-1
Added Pin To Net: NetName=RTS Pin=R?-1
Added Pin To Net: NetName=RTS Pin=U?-14
Added Net: Name=RTS
Added Pin To Net: NetName=VU Pin=P?-12
Added Net: Name=VU
Added Member To Class: ClassName=SCH.ESP8266 Member=Component C? 100nF, 25V
Added Member To Class: ClassName=SCH.ESP8266 Member=Component C? 10uF
Added Member To Class: ClassName=SCH.ESP8266 Member=Component C? 10uF
Added Member To Class: ClassName=SCH.ESP8266 Member=Component LED? Green
Added Member To Class: ClassName=SCH.ESP8266 Member=Component LED? Green
Added Member To Class: ClassName=SCH.ESP8266 Member=Component P? 61301211121
Added Member To Class: ClassName=SCH.ESP8266 Member=Component P? 61301211121
Added Member To Class: ClassName=SCH.ESP8266 Member=Component Q? 2N222
Added Member To Class: ClassName=SCH.ESP8266 Member=Component Q? 2N222
Added Member To Class: ClassName=SCH.ESP8266 Member=Component R? Thick Film
Added Member To Class: ClassName=SCH.ESP8266 Member=Component R? Thick Film
Added Member To Class: ClassName=SCH.ESP8266 Member=Component R? Thick Film
Added Member To Class: ClassName=SCH.ESP8266 Member=Component R? Thick Film
Added Member To Class: ClassName=SCH.ESP8266 Member=Component R? Thick Film
Added Member To Class: ClassName=SCH.ESP8266 Member=Component U? CH340C
Added Member To Class: ClassName=SCH.ESP8266 Member=Component U? ESP 12
Added Room: Name=SCH.ESP8266
